      
06_04_2024_14-17-58.671 Rls2 i am alive    
06_04_2024_14-17-59.668 Rls3 i am alive    
06_04_2024_14-18-00.672 Spro i am alive    
06_04_2024_14-18-01.368 Rls3 confirm 214761 3351128 4053308 584.64 rocket
06_04_2024_14-18-01.488 Rls2 confirm 696843 9139860 4198074 79.17 plane
06_04_2024_14-18-01.741 Rls3 confirm 4b8a25 1705024 809540 8073.84 ballistic
06_04_2024_14-18-01.808 Rls2 confirm d5ecbd 7563952 2855182 8934.84 ballistic
06_04_2024_14-18-01.899 Rls3 confirm 51c8fc 6628122 1738164 8508.08 ballistic
06_04_2024_14-18-02.703 Zrdn2 i am alive    
06_04_2024_14-18-02.417 Spro confirm 45462e 5756143 4031138 9666.19 ballistic
06_04_2024_14-18-02.480 Spro shot 45462e 5756143 4031138 9666.19 ballistic
06_04_2024_14-18-02.480 Spro ammo left 9   
06_04_2024_14-18-02.597 Rls3 confirm ca95f1 4810510 964130 8024.91 ballistic
06_04_2024_14-18-02.652 Rls3 toSpro ca95f1 4810510 964130  
06_04_2024_14-18-02.683 Spro confirm 11afca 6320477 4460129 164.71 plane
06_04_2024_14-18-03.722 Zrdn3 i am alive    
06_04_2024_14-18-05.844 Spro destroyed 45462e 9666.19   
06_04_2024_14-18-29.805 Rls1 i am alive    
06_04_2024_14-18-42.167 Zrdn2 confirm ba81b9 4082741 3927294 8004.99 ballistic
06_04_2024_14-19-19.040 Spro confirm 5a8cca 6472356 3855116 8839.62 ballistic
06_04_2024_14-19-19.104 Spro shot 5a8cca 6472356 3855116 8839.62 ballistic
06_04_2024_14-19-19.104 Spro ammo left 8   
06_04_2024_14-19-22.013 Spro no kill 5a8cca 6445890 3856790  
06_04_2024_14-19-23.464 Spro confirm 5a8cca 6437068 3857348 8839.62 ballistic
06_04_2024_14-19-23.507 Spro shot 5a8cca 6437068 3857348 8839.62 ballistic
06_04_2024_14-19-23.507 Spro ammo left 7   
06_04_2024_14-19-24.028 Rls3 confirm b45b2f 3691094 2083116 74.65 plane
06_04_2024_14-19-26.318 Spro no kill 5a8cca 6410602 3859022  
06_04_2024_14-19-27.729 Spro confirm 5a8cca 6401780 3859580 8839.62 ballistic
06_04_2024_14-19-27.769 Spro shot 5a8cca 6401780 3859580 8839.62 ballistic
06_04_2024_14-19-27.769 Spro ammo left 6   
06_04_2024_14-19-28.814 Rls3 confirm e7d975 2760560 3458686 765.66 rocket
06_04_2024_14-19-30.966 Spro destroyed 5a8cca 8839.62   
06_04_2024_14-19-32.461 Spro confirm 6756c1 6395242 4132080 127.44 plane
06_04_2024_14-19-44.071 Spro confirm 1769fd 6587640 3041230 8591.90 ballistic
06_04_2024_14-19-44.108 Spro shot 1769fd 6587640 3041230 8591.90 ballistic
06_04_2024_14-19-44.108 Spro ammo left 5   
06_04_2024_14-19-45.084 Rls2 confirm 09ee1e 9267466 3356336 9503.39 ballistic
06_04_2024_14-19-45.128 Rls2 toSpro 09ee1e 9267466 3356336  
06_04_2024_14-19-46.680 Spro destroyed 1769fd 8591.90   
06_04_2024_14-19-50.157 Rls3 confirm e2eed1 4261282 2322486 685.51 rocket
06_04_2024_14-20-06.586 Rls2 confirm 1e9cd9 8919564 4161360 9833.20 ballistic 
06_04_2024_14-20-40.955 Rls3 confirm dba66b 6087720 472320 9181.97 ballistic
06_04_2024_14-20-41.687 Spro confirm 4cc733 6217862 2990180 440.29 rocket
06_04_2024_14-22-28.895 Rls1 i am alive    
06_04_2024_14-22-29.914 Rls2 i am alive    
06_04_2024_14-22-30.907 Rls3 i am alive    
06_04_2024_14-22-31.914 Spro i am alive    
06_04_2024_14-22-32.426 Rls2 confirm 2edef1 8019286 4488040 9515.34 ballistic
06_04_2024_14-22-32.918 Zrdn1 i am alive    
06_04_2024_14-22-32.606 Rls3 confirm 9f439c 3777622 2759482 8463.61 ballistic
06_04_2024_14-22-32.661 Rls3 toSpro 9f439c 3777622 2759482  
06_04_2024_14-22-32.863 Rls3 confirm 29ebf8 3048760 3234744 8728.84 ballistic
06_04_2024_14-22-32.914 Rls2 confirm 9389ac 6318202 5725556 243.89 plane
06_04_2024_14-22-33.171 Rls2 confirm 0b3524 8679404 5418384 855.37 rocket
06_04_2024_14-22-33.250 Rls3 confirm 4790de 3397202 4286250 160.70 plane
06_04_2024_14-22-33.362 Rls2 confirm f47bdd 7099714 4639158 9138.52 ballistic
06_04_2024_14-22-33.545 Rls3 confirm 66cfc4 4530234 1980480 8211.16 ballistic
06_04_2024_14-22-33.929 Zrdn2 i am alive    
06_04_2024_14-22-34.935 Zrdn3 i am alive    
06_04_2024_14-22-33.626 Rls3 toSpro 66cfc4 4530234 1980480  
06_04_2024_14-22-33.683 Rls2 confirm ce14f8 8923250 3889708 932.70 rocket
06_04_2024_14-22-33.931 Spro confirm 3ebbf9 6674712 3403063 98.27 plane
06_04_2024_14-22-34.035 Rls2 confirm fc45a9 7421818 5694966 92.57 plane
06_04_2024_14-22-34.197 Rls3 confirm 8b0fc0 3630512 2076040 917.57 rocket
06_04_2024_14-22-34.208 Rls2 confirm dd3d6f 8724716 3924984 9909.40 ballistic
06_04_2024_14-22-34.269 Rls2 toSpro dd3d6f 8724716 3924984  
06_04_2024_14-22-34.767 Rls2 confirm 1b3b4e 6571798 5432864 121.75 plane
06_04_2024_14-22-36.995 Zrdn3 confirm 4790de 3397606 4286750 160.70 plane
06_04_2024_14-22-37.060 Zrdn3 shot 4790de 3397606 4286750 160.70 plane
06_04_2024_14-22-37.060 Zrdn3 ammo left 19   
06_04_2024_14-22-40.011 Zrdn3 destroyed 4790de 160.70   
06_04_2024_14-22-59.445 Rls2 confirm 6235b6 6982587 3955545 697.90 rocket 
06_04_2024_14-23-04.904 Spro confirm 3f7336 6357154 3728879 8382.32 ballistic
06_04_2024_14-23-04.965 Spro shot 3f7336 6357154 3728879 8382.32 ballistic
06_04_2024_14-23-04.965 Spro ammo left 9   
06_04_2024_14-23-08.704 Spro destroyed 3f7336 8382.32   
06_04_2024_14-23-29.404 Rls3 confirm 496a99 100789 2987789 9658.89 ballistic 
06_04_2024_14-23-33.181 Rls3 confirm b32c2c 2610611 2964376 956.88 rocket
06_04_2024_14-23-34.350 Rls3 confirm b27ccb 6754095 1029762 8037.67 ballistic
06_04_2024_14-23-37.002 Rls2 confirm ee99fd 7243356 3780468 569.77 rocket 
06_04_2024_14-24-07.044 Rls3 confirm 7c13b5 2926825 2247825 777.81 rocket
06_04_2024_14-24-09.648 Zrdn1 no signal
06_04_2024_14-24-10.621 Rls2 confirm 94a3b8 8199829 5465778 186.81 plane
06_04_2024_14-24-27.237 Rls3 confirm 85cfb0 2620284 3847084 9407.94 ballistic 
06_04_2024_14-24-41.068 Zrdn1 i am alive    
06_04_2024_14-24-51.140 Rls3 confirm a89b53 3794213 1873258 111.52 plane
06_04_2024_14-25-21.571 Rls2 confirm 3331c0 9292620 3872300 193.65 plane
07_04_2024_20-47-58.255 Rls1 i am alive    
07_04_2024_20-47-59.255 Rls2 i am alive    
07_04_2024_20-48-00.259 Rls3 i am alive    
07_04_2024_20-47-59.760 Rls1 confirm 09e3e8 75482 5422486 9514.20 ballistic
07_04_2024_20-47-59.798 Rls1 toSpro 09e3e8 75482 5422486  
07_04_2024_20-48-00.344 Rls2 confirm 53d2b8 8287367 4999357 9447.99 ballistic
07_04_2024_20-48-01.263 Spro i am alive    
07_04_2024_20-48-00.510 Rls2 confirm ca310f 7306166 3128810 387.53 rocket
07_04_2024_20-48-00.723 Rls2 confirm d69d23 7227899 3510552 410.54 rocket
07_04_2024_20-48-00.881 Rls2 confirm 68aa11 8746186 4388094 9155.05 ballistic
07_04_2024_20-48-01.018 Rls2 confirm 93a2b5 7168589 3005582 237.49 plane
07_04_2024_20-48-01.131 Rls2 confirm f2d34d 8234325 3602984 397.75 rocket
07_04_2024_20-48-01.350 Rls2 confirm d79bca 8030892 5108769 85.00 plane
07_04_2024_20-48-01.413 Rls3 confirm ae4c3e 4094188 2245220 302.04 rocket
07_04_2024_20-48-02.265 Zrdn1 i am alive    
07_04_2024_20-48-01.966 Rls2 confirm 0930a4 8776827 3382383 8745.47 ballistic
07_04_2024_20-48-02.013 Rls2 toSpro 0930a4 8776827 3382383  
07_04_2024_20-48-02.137 Rls2 confirm e57ea9 8187451 5157233 616.77 rocket
07_04_2024_20-48-03.261 Zrdn2 i am alive    
07_04_2024_20-48-03.271 Spro confirm bde3f2 5976470 4182190 9714.97 ballistic
07_04_2024_20-48-03.318 Spro shot bde3f2 5976470 4182190 9714.97 ballistic
07_04_2024_20-48-03.318 Spro ammo left 9   
07_04_2024_20-48-03.700 Spro confirm 9653a2 6580940 3528725 9652.70 ballistic
07_04_2024_20-48-03.741 Spro shot 9653a2 6580940 3528725 9652.70 ballistic
07_04_2024_20-48-03.741 Spro ammo left 8   
07_04_2024_20-48-03.873 Spro confirm 0ddedf 6806795 3283330 9508.86 ballistic
07_04_2024_20-48-03.905 Spro shot 0ddedf 6806795 3283330 9508.86 ballistic
07_04_2024_20-48-03.905 Spro ammo left 7   
07_04_2024_20-48-04.278 Zrdn3 i am alive    
07_04_2024_20-48-04.225 Spro confirm 344e7e 5448095 3414225 9722.90 ballistic
07_04_2024_20-48-04.274 Spro shot 344e7e 5448095 3414225 9722.90 ballistic
07_04_2024_20-48-04.274 Spro ammo left 6   
07_04_2024_20-48-05.118 Zrdn1 confirm 344e7e 5440914 3407670 9722.90 ballistic
07_04_2024_20-48-06.190 Spro no kill 0ddedf 6787913 3281062  
07_04_2024_20-48-06.572 Spro destroyed bde3f2 9714.97   
07_04_2024_20-48-06.599 Spro destroyed 9653a2 9652.70   
07_04_2024_20-48-06.629 Spro destroyed 344e7e 9722.90   
07_04_2024_20-48-07.464 Spro confirm 0ddedf 6778472 3279928 9508.86 ballistic
07_04_2024_20-48-07.498 Spro shot 0ddedf 6778472 3279928 9508.86 ballistic
07_04_2024_20-48-07.498 Spro ammo left 5   
07_04_2024_20-48-09.689 Spro destroyed 0ddedf 9508.86   
07_04_2024_20-48-10.423 Rls3 confirm a6cdf8 5354938 108782 8493.88 ballistic
07_04_2024_20-48-23.075 Rls3 confirm 09e3e8 250302 5347346 9514.20 ballistic
07_04_2024_20-48-26.313 Rls3 confirm 691721 4074026 1923932 9802.26 ballistic
07_04_2024_20-48-56.821 Rls2 confirm 40530e 8222975 2673353 748.37 rocket 
07_04_2024_20-49-05.275 Rls3 confirm 4c5c48 6217322 1337957 8870.33 rocket 
07_04_2024_20-49-07.769 Rls2 confirm c5e0f1 9137141 3663179 877.45 rocket
07_04_2024_20-49-08.873 Zrdn1 confirm 9527a9 4442386 3580978 8467.78 ballistic
07_04_2024_20-49-09.437 Zrdn2 confirm 9527a9 4442386 3580978 8467.78 ballistic
07_04_2024_20-49-14.474 Rls2 confirm 9bee14 8639984 5278362 9150.40 ballistic
07_04_2024_20-49-41.730 Rls1 confirm b33a18 1877406 4550644 9814.62 ballistic
07_04_2024_20-49-42.817 Rls3 confirm b33a18 1882609 4558966 9814.62 ballistic
07_04_2024_20-49-52.184 Rls3 confirm 3b2938 6484064 1983456 9924.51 ballistic
07_04_2024_20-50-05.383 Rls2 confirm 8521b6 9035686 4580827 8267.32 ballistic 
07_04_2024_20-50-20.613 Rls3 confirm 7f57ee 706317 3689249 8203.51 ballistic
07_04_2024_20-50-21.244 Rls1 confirm 7f57ee 706317 3689249 8203.51 ballistic
07_04_2024_20-50-21.370 Rls3 confirm c987c3 3441444 2057480 9544.36 ballistic
07_04_2024_20-50-21.429 Rls3 toSpro c987c3 3441444 2057480  
07_04_2024_20-50-23.548 Rls2 confirm d2b082 7363860 3775364 194.99 plane
07_04_2024_20-50-26.303 Rls2 confirm 6a2bd8 8465616 3402402 185.31 plane
07_04_2024_20-50-46.352 Rls2 confirm 4c75eb 8903754 5112530 665.84 rocket
07_04_2024_20-50-58.676 Rls3 confirm 5cb4d7 1543250 1948899 8901.07 ballistic 
07_04_2024_20-51-00.733 Spro confirm e5ec79 6242174 4275042 89.49 plane
07_04_2024_20-51-22.024 Rls2 confirm 9388c8 7425846 4697804 124.63 plane
07_04_2024_20-51-32.549 Rls2 confirm 33f38b 7604916 3473405 275.74 rocket
07_04_2024_20-51-39.386 Rls3 confirm a8c3c7 5088972 1338588 8053.23 ballistic
07_04_2024_20-51-41.579 Rls3 confirm adc6ce 2951499 3424681 863.37 rocket 
07_04_2024_20-51-47.860 Rls2 confirm 7cb55c 7718718 5907900 9169.83 ballistic
07_04_2024_20-52-00.386 Rls3 confirm 8d75d3 5947466 1548398 8025.82 ballistic
07_04_2024_20-52-02.014 Rls2 confirm 0b4ade 9487404 4057023 631.90 rocket 
07_04_2024_20-52-03.638 Rls1 confirm 319012 247234 8369597 8936.50 ballistic
07_04_2024_20-52-03.697 Rls3 confirm 974f9b 3150256 2907887 980.38 rocket
07_04_2024_20-52-30.086 Rls2 confirm 6a8751 8967526 2679234 352.40 rocket
07_04_2024_20-52-45.378 Rls2 confirm 2817b9 7348092 3825676 9563.27 ballistic
07_04_2024_20-52-45.426 Rls2 toSpro 2817b9 7348092 3825676  
07_04_2024_20-52-49.209 Rls2 confirm 071696 8293658 4588919 234.30 plane
07_04_2024_20-52-50.892 Spro confirm cd767a 6027422 4464152 224.26 plane
07_04_2024_20-53-08.669 Rls2 confirm 3f933e 6952156 3993920 8118.58 ballistic 
07_04_2024_20-53-17.035 Rls2 confirm 778d41 8490107 2958121 947.63 rocket
07_04_2024_20-53-22.638 Spro confirm 3f933e 6865624 4038680 8118.58 ballistic
07_04_2024_20-53-22.677 Spro shot 3f933e 6865624 4038680 8118.58 ballistic
07_04_2024_20-53-22.677 Spro ammo left 4   
07_04_2024_20-53-24.843 Spro no kill 3f933e 6851202 4046140  
07_04_2024_20-53-25.028 Zrdn1 confirm be7a74 5011252 4234070 130.77 plane
07_04_2024_20-53-25.069 Zrdn1 shot be7a74 5011252 4234070 130.77 plane
07_04_2024_20-53-25.069 Zrdn1 ammo left 19   
07_04_2024_20-53-27.548 Spro confirm 3f933e 6843991 4049870 8118.58 ballistic
07_04_2024_20-53-27.593 Spro shot 3f933e 6843991 4049870 8118.58 ballistic
07_04_2024_20-53-27.593 Spro ammo left 3   
07_04_2024_20-53-27.842 Zrdn1 destroyed be7a74 130.77   
07_04_2024_20-53-30.233 Spro destroyed 3f933e 8118.58   
07_04_2024_20-53-30.962 Rls3 confirm a241bf 3308216 3380802 8534.42 ballistic
07_04_2024_20-53-41.556 Spro confirm 2817b9 6933564 3628492 9563.27 ballistic
07_04_2024_20-53-41.597 Spro shot 2817b9 6933564 3628492 9563.27 ballistic
07_04_2024_20-53-41.597 Spro ammo left 2   
07_04_2024_20-53-44.829 Spro destroyed 2817b9 9563.27   
07_04_2024_20-53-49.968 Zrdn1 confirm c987c3 4719738 3161960 9544.36 ballistic
07_04_2024_20-53-58.054 Rls3 confirm 44f168 3808870 3733987 877.13 rocket
07_04_2024_20-54-03.020 Rls2 confirm a5bb73 6710543 4592410 975.53 rocket
07_04_2024_20-54-05.326 Spro confirm 40f455 5683088 3604818 680.60 rocket
07_04_2024_20-54-10.526 Spro confirm f71b29 6177790 3045298 422.16 rocket
07_04_2024_20-54-13.487 Rls2 confirm c399e8 8161966 5621448 9156.88 ballistic
07_04_2024_20-54-20.992 Zrdn3 confirm f52096 2823938 4685622 9393.49 ballistic
07_04_2024_20-54-22.038 Rls3 confirm f52096 2830407 4692433 9393.49 ballistic
07_04_2024_20-54-39.523 Rls2 confirm 51a8b3 7586440 5112904 9381.64 ballistic 
07_04_2024_20-54-43.371 Rls2 confirm d72a21 7555568 2914548 348.90 rocket
07_04_2024_20-54-47.940 Rls3 confirm 0172e0 4782126 1142236 9296.63 ballistic 
07_04_2024_20-54-48.820 Rls2 confirm 69933f 9318104 3329004 880.44 rocket 
07_04_2024_20-54-53.520 Rls2 confirm 7dc650 8098987 4830580 685.44 rocket
07_04_2024_20-54-57.389 Zrdn3 confirm 2f3140 2617198 4857756 863.53 rocket
07_04_2024_20-54-57.448 Zrdn3 shot 2f3140 2617198 4857756 863.53 rocket
07_04_2024_20-54-57.448 Zrdn3 ammo left 19   
07_04_2024_20-55-00.059 Zrdn3 destroyed 2f3140 863.53   
07_04_2024_20-55-00.596 Rls2 confirm 3aa312 7689716 5592768 8436.22 ballistic 
07_04_2024_20-55-01.311 Zrdn3 i am alive    
07_04_2024_20-55-01.277 Zrdn2 i am alive    
07_04_2024_20-55-01.258 Zrdn1 i am alive    
07_04_2024_20-55-00.941 Spro i am alive    
18_04_2024_19-02-36.386 Rls1 i am alive    
18_04_2024_19-02-37.433 Rls2 i am alive    
18_04_2024_19-02-38.384 Rls3 i am alive    
18_04_2024_19-03-41.619 Rls1 no signal
18_04_2024_19-03-41.754 Rls2 no signal
18_04_2024_19-03-41.889 Rls3 no signal
18_04_2024_19-04-11.449 Zrdn1 i am alive    
18_04_2024_19-04-11.447 Spro i am alive    
18_04_2024_19-04-11.514 Zrdn2 i am alive    
18_04_2024_19-04-11.541 Zrdn3 i am alive    
18_04_2024_19-12-05.862 Rls1 i am alive    
18_04_2024_19-12-06.836 Rls2 i am alive    
18_04_2024_19-12-07.862 Rls3 i am alive    
18_04_2024_19-13-28.330 Rls1 i am alive    
18_04_2024_19-13-29.320 Rls2 i am alive    
18_04_2024_19-13-30.331 Rls3 i am alive    
18_04_2024_19-13-31.346 Spro i am alive    
18_04_2024_19-13-32.364 Zrdn1 i am alive    
18_04_2024_19-13-33.376 Zrdn2 i am alive    
18_04_2024_19-13-34.376 Zrdn3 i am alive    
18_04_2024_23-18-33.751 Rls1 i am alive    
18_04_2024_23-18-34.531 Rls1 confirm 60e69d 1584186 6832218 9890.52 ballistic
18_04_2024_23-18-34.828 Rls2 i am alive    
18_04_2024_23-18-35.691 Rls2 confirm c79890 8328565 4938940 146.37 plane
18_04_2024_23-18-35.851 Rls3 i am alive    
18_04_2024_23-18-35.826 Rls2 confirm a92ddf 9822364 2671063 213.03 plane
18_04_2024_23-18-35.904 Rls2 confirm 2e1886 8195547 4472357 192.25 plane
18_04_2024_23-18-35.983 Rls2 confirm 7f57d6 7393781 3566132 85.23 plane
18_04_2024_23-18-36.144 Rls2 confirm 772bc3 7507682 3329747 270.62 rocket
18_04_2024_23-18-36.210 Rls2 confirm 28d6b8 8132726 4646949 758.19 rocket
18_04_2024_23-18-36.341 Rls2 confirm 8bda0f 8467757 4961979 81.30 plane
18_04_2024_23-18-36.461 Rls2 confirm 55e82a 7727604 5686631 180.42 plane
18_04_2024_23-18-36.507 Rls3 confirm 34bb8c 3119772 1821668 712.83 rocket
18_04_2024_23-18-36.575 Rls3 confirm 1fd4ea 4356884 3169900 9213.87 ballistic
18_04_2024_23-18-36.605 Rls3 toSpro 1fd4ea 4356884 3169900  
18_04_2024_23-18-36.623 Rls2 confirm 2d8d6c 9633010 2710421 871.86 rocket
18_04_2024_23-18-36.795 Rls3 confirm 60e69d 1602372 6824436 9890.52 ballistic
18_04_2024_23-18-36.808 Spro i am alive    
18_04_2024_23-18-37.831 Zrdn1 i am alive    
18_04_2024_23-18-37.071 Rls3 confirm 9db82f 1248460 3270312 8396.89 ballistic
18_04_2024_23-18-37.101 Rls3 toSpro 9db82f 1248460 3270312  
18_04_2024_23-18-37.160 Rls3 confirm 73ad48 5245964 422624 8623.88 ballistic
18_04_2024_23-18-37.239 Rls3 confirm fe3ec8 4141096 3218152 525.37 rocket
18_04_2024_23-18-37.542 Spro confirm df0edf 5494295 3283645 141.85 plane
18_04_2024_23-18-38.821 Zrdn2 i am alive    
18_04_2024_23-18-39.024 Zrdn1 confirm ce2554 4739860 3742102 810.17 rocket
18_04_2024_23-18-39.049 Zrdn1 shot ce2554 4739860 3742102 810.17 rocket
18_04_2024_23-18-39.049 Zrdn1 ammo left 19   
18_04_2024_23-18-39.831 Zrdn3 i am alive    
18_04_2024_23-18-40.500 Zrdn1 no kill ce2554 4739860 3742102  
18_04_2024_23-18-41.208 Zrdn3 confirm 06cea9 3352120 4649296 165.36 plane
18_04_2024_23-18-41.232 Zrdn3 shot 06cea9 3352120 4649296 165.36 plane
18_04_2024_23-18-41.232 Zrdn3 ammo left 19   
18_04_2024_23-18-42.435 Zrdn3 destroyed 06cea9 165.36   
18_04_2024_23-19-34.977 Rls3 confirm 6ff940 3939304 2334370 945.68 rocket
18_04_2024_23-19-46.429 Rls3 confirm 0afc18 4836190 1765286 8609.84 ballistic
18_04_2024_23-19-52.936 Zrdn3 confirm 2c3ea7 3098064 4959902 58.52 plane
18_04_2024_23-19-52.956 Zrdn3 shot 2c3ea7 3098064 4959902 58.52 plane
18_04_2024_23-19-52.956 Zrdn3 ammo left 18   
18_04_2024_23-19-54.057 Zrdn3 no kill 2c3ea7 3098096 4959853  
18_04_2024_23-19-54.588 Zrdn3 confirm 2c3ea7 3098128 4959804 58.52 plane
18_04_2024_23-19-54.607 Zrdn3 shot 2c3ea7 3098128 4959804 58.52 plane
18_04_2024_23-19-54.607 Zrdn3 ammo left 17   
18_04_2024_23-19-55.854 Zrdn3 destroyed 2c3ea7 58.52   
18_04_2024_23-19-57.237 Rls3 confirm 07438e 3281172 3376028 87.13 plane
18_04_2024_23-19-58.439 Rls3 confirm c235c3 6249760 1703774 9942.74 ballistic
18_04_2024_23-20-19.251 Rls2 confirm fec997 8536782 3437032 110.16 plane
18_04_2024_23-20-20.733 Rls3 confirm 969d73 3979138 3148104 86.40 plane
18_04_2024_23-20-32.826 Rls3 confirm 8d5a30 2738740 1974200 383.27 rocket
18_04_2024_23-20-52.066 Spro confirm 2b050c 5990148 3375024 9466.23 ballistic
18_04_2024_23-20-52.083 Spro shot 2b050c 5990148 3375024 9466.23 ballistic
18_04_2024_23-20-52.083 Spro ammo left 9   
18_04_2024_23-20-53.169 Spro destroyed 2b050c 9466.23   
18_04_2024_23-20-56.332 Rls3 confirm 085662 6377446 890212 9239.47 ballistic
06_05_2024_20-49-16.530 Rls1 i am alive    
06_05_2024_20-49-17.546 Rls2 i am alive    
06_05_2024_20-49-18.571 Rls3 i am alive    
06_05_2024_20-49-18.678 Rls2 confirm 1726d7 8153954 2884906 745.87 rocket
06_05_2024_20-49-18.805 Rls2 confirm 441868 7405292 4188066 237.02 plane
06_05_2024_20-49-19.009 Rls2 confirm c9befc 9063521 3946116 9150.92 ballistic
06_05_2024_20-49-19.048 Rls2 toSpro c9befc 9063521 3946116  
06_05_2024_20-49-19.162 Rls2 confirm 6f36f6 9617931 3827270 92.89 plane
06_05_2024_20-49-19.372 Rls3 confirm b728e3 5072648 2662344 971.92 rocket
06_05_2024_20-49-19.540 Rls2 confirm 7036e4 6415578 5858806 659.60 rocket
06_05_2024_20-49-19.568 Spro i am alive    
06_05_2024_20-49-20.577 Zrdn1 i am alive    
06_05_2024_20-49-19.673 Rls2 confirm 577d87 8042694 4295749 591.85 rocket
06_05_2024_20-49-19.814 Rls2 confirm 24f78c 7714352 5545779 460.76 rocket
06_05_2024_20-49-20.266 Rls3 confirm 4214e6 4872712 2721132 181.03 plane
06_05_2024_20-49-20.639 Rls3 confirm 3fd98b 3145940 3723288 245.78 plane
06_05_2024_20-49-21.577 Zrdn2 i am alive    
06_05_2024_20-49-21.174 Spro confirm 3558e7 5921665 2991915 9311.99 ballistic
06_05_2024_20-49-21.205 Spro shot 3558e7 5921665 2991915 9311.99 ballistic
06_05_2024_20-49-21.205 Spro ammo left 9   
06_05_2024_20-49-21.462 Spro confirm dfacdd 6106925 4232285 193.58 plane
06_05_2024_20-49-22.593 Zrdn3 i am alive    
06_05_2024_20-49-22.206 Zrdn1 confirm 0f954e 5241010 4122882 365.83 rocket
06_05_2024_20-49-22.246 Zrdn1 shot 0f954e 5241010 4122882 365.83 rocket
06_05_2024_20-49-22.246 Zrdn1 ammo left 19   
06_05_2024_20-49-22.416 Zrdn1 confirm 1683a5 4739352 3668570 9900.28 ballistic
06_05_2024_20-49-22.921 Spro destroyed 3558e7 9311.99   
06_05_2024_20-49-23.313 Zrdn2 confirm 1683a5 4749244 3668165 9900.28 ballistic
06_05_2024_20-49-23.728 Zrdn1 no kill 0f954e 5241345 4123029  
06_05_2024_20-49-24.469 Zrdn1 confirm 0f954e 5241680 4123176 365.83 rocket
06_05_2024_20-49-24.506 Zrdn1 shot 0f954e 5241680 4123176 365.83 rocket
06_05_2024_20-49-24.506 Zrdn1 ammo left 18   
06_05_2024_20-49-26.132 Zrdn1 destroyed 0f954e 365.83   
06_05_2024_20-49-29.702 Rls3 confirm 54051d 4594740 2140972 9343.50 ballistic
06_05_2024_20-49-33.433 Rls2 confirm 722ee8 7760186 5556348 521.46 rocket
06_05_2024_20-49-54.629 Zrdn1 confirm 0e67b8 4908374 3534098 193.31 plane
06_05_2024_20-49-54.676 Zrdn1 shot 0e67b8 4908374 3534098 193.31 plane
06_05_2024_20-49-54.676 Zrdn1 ammo left 17   
06_05_2024_20-49-57.327 Zrdn1 destroyed 0e67b8 193.31   
06_05_2024_20-49-59.902 Rls3 confirm 67910e 870622 2785638 9960.74 ballistic
06_05_2024_20-49-59.965 Rls3 toSpro 67910e 870622 2785638  
06_05_2024_20-50-20.072 Rls3 confirm 9c81a8 4454514 3023200 8854.38 ballistic
06_05_2024_20-50-20.133 Rls3 toSpro 9c81a8 4454514 3023200  
06_05_2024_20-50-23.291 Zrdn3 no signal
06_05_2024_20-50-23.950 Rls3 confirm 6ed708 1061340 998380 9463.58 ballistic
06_05_2024_20-50-24.005 Rls3 toSpro 6ed708 1061340 998380  
06_05_2024_20-50-33.021 Rls2 confirm 1f7ec7 8136390 5129378 8729.47 ballistic
06_05_2024_20-50-33.088 Rls2 toSpro 1f7ec7 8136390 5129378  
06_05_2024_20-50-33.102 Spro confirm 1683a5 5362548 3643055 9900.28 ballistic
06_05_2024_20-50-33.147 Spro shot 1683a5 5362548 3643055 9900.28 ballistic
06_05_2024_20-50-33.147 Spro ammo left 8   
06_05_2024_20-50-35.095 Spro no kill 1683a5 5372440 3642650  
06_05_2024_20-50-36.013 Spro confirm 1683a5 5382332 3642245 9900.28 ballistic
06_05_2024_20-50-36.059 Spro shot 1683a5 5382332 3642245 9900.28 ballistic
06_05_2024_20-50-36.059 Spro ammo left 7   
06_05_2024_20-50-38.012 Spro destroyed 1683a5 9900.28   
06_05_2024_20-50-38.031 Rls2 confirm 9a69ff 7213886 4537964 59.77 plane
06_05_2024_20-50-41.313 Rls3 confirm 2b358a 6034552 2133408 457.61 rocket
06_05_2024_20-50-44.256 Rls3 confirm c900be 4869260 2744168 154.77 plane
06_05_2024_20-50-54.083 Zrdn3 i am alive    
06_05_2024_20-50-58.780 Rls2 confirm 83f3e4 7840980 4042852 664.51 rocket
06_05_2024_20-51-04.642 Rls2 confirm e9cac7 7472472 3244980 8778.82 ballistic
06_05_2024_20-51-04.707 Rls2 toSpro e9cac7 7472472 3244980  
06_05_2024_20-51-21.712 Spro confirm eae465 6231308 4005254 199.61 plane
06_05_2024_20-51-28.316 Rls2 confirm d61725 7433075 5794077 19955.10 
06_05_2024_20-51-28.687 Rls2 confirm 695552 7578547 2852631 8033.82 ballistic
06_05_2024_20-51-28.763 Rls2 toSpro 695552 7578547 2852631  
06_05_2024_20-51-30.958 Rls2 confirm ed3799 7949502 5754862 258.38 rocket
06_05_2024_20-55-27.148 Rls1 i am alive    
06_05_2024_20-55-28.206 Rls2 i am alive    
06_05_2024_20-55-28.122 Rls1 confirm 7c70ae 715408 5717472 9775.95 ballistic
06_05_2024_20-55-28.480 Rls1 confirm 9530f5 1145216 8872242 9515.84 ballistic
06_05_2024_20-55-28.515 Rls1 toSpro 9530f5 1145216 8872242  
06_05_2024_20-55-29.145 Rls2 confirm 42087e 7326767 3131828 9673.52 ballistic
06_05_2024_20-55-29.217 Rls3 i am alive    
06_05_2024_20-55-30.224 Spro i am alive    
06_05_2024_20-55-29.183 Rls2 toSpro 42087e 7326767 3131828  
06_05_2024_20-55-29.270 Rls2 confirm 070d6f 6726726 5340293 947.80 rocket
06_05_2024_20-55-29.421 Rls2 confirm af587a 8029196 5614079 407.52 rocket
06_05_2024_20-55-29.628 Rls2 confirm 8e229b 9966664 3169342 159.81 plane
06_05_2024_20-55-29.931 Rls2 confirm 79411f 7519903 5080115 758.70 rocket
06_05_2024_20-55-30.166 Rls3 confirm 7045a5 3335132 3691372 797.33 rocket
06_05_2024_20-55-30.310 Rls3 confirm 7c70ae 721816 5735944 9775.95 ballistic
06_05_2024_20-55-31.244 Zrdn1 i am alive    
06_05_2024_20-55-30.405 Rls3 confirm 109ee2 6584664 1053776 9960.83 ballistic
06_05_2024_20-55-30.445 Rls3 toSpro 109ee2 6584664 1053776  
06_05_2024_20-55-30.998 Spro confirm b53b8e 6494415 3515600 145.90 plane
06_05_2024_20-55-32.248 Zrdn2 i am alive    
06_05_2024_20-55-31.737 Spro confirm ccca4e 6544530 3789790 183.84 plane
06_05_2024_20-55-31.820 Spro confirm 665028 6333100 3884475 9384.63 ballistic
06_05_2024_20-55-31.852 Spro shot 665028 6333100 3884475 9384.63 ballistic
06_05_2024_20-55-31.852 Spro ammo left 9   
06_05_2024_20-55-32.013 Spro confirm b090e1 6560085 3333070 183.53 plane
06_05_2024_20-55-33.309 Zrdn3 i am alive    
06_05_2024_20-55-33.655 Spro destroyed 665028 9384.63   
06_05_2024_21-46-46.671 Rls1 i am alive    
06_05_2024_21-46-47.680 Rls2 i am alive    
06_05_2024_21-46-48.724 Rls3 i am alive    
06_05_2024_21-46-48.838 Rls2 confirm 28e5a9 325419 6029238 8954.90 ballistic
06_05_2024_21-46-48.876 Rls2 toSpro 28e5a9 325419 6029238  
06_05_2024_21-46-49.612 Rls3 confirm 1aa26f 3286644 2629120 163.77 plane
06_05_2024_21-46-49.703 Rls3 confirm 763ba1 4479380 2128220 109.77 plane
06_05_2024_21-46-49.686 Spro i am alive    
06_05_2024_21-46-50.700 Zrdn1 i am alive    
06_05_2024_21-46-49.957 Rls3 confirm 6bedda 5370236 2124516 880.97 rocket
06_05_2024_21-46-50.152 Rls3 confirm c51503 3298516 1884236 141.85 plane
06_05_2024_21-46-50.250 Rls3 confirm 3daf01 3153744 3860236 195.13 plane
06_05_2024_21-46-50.327 Rls3 confirm 35a705 3702292 3631144 81.39 plane
06_05_2024_21-46-50.676 Rls3 confirm eb8c37 3251604 4277324 730.31 rocket
06_05_2024_21-46-50.765 Rls3 confirm 128f99 4286168 2762380 103.87 plane
06_05_2024_21-46-51.701 Zrdn2 i am alive    
06_05_2024_21-46-51.188 Spro confirm 1aa26f 3286805 2629150 163.77 plane
06_05_2024_21-46-51.407 Spro confirm 35a705 3702365 3631180 81.39 plane
06_05_2024_21-46-51.499 Spro confirm 3daf01 3153930 3860295 195.13 plane
06_05_2024_21-46-51.695 Spro confirm eb8c37 3252255 4277655 730.31 rocket
06_05_2024_21-46-52.692 Zrdn3 i am alive    
19_05_2024_21-46-50.074 Rls1 i am alive    
19_05_2024_21-46-51.074 Rls2 i am alive    
19_05_2024_21-46-52.075 Rls3 i am alive    
19_05_2024_21-46-53.076 Spro i am alive    
19_05_2024_21-46-53.065 Rls3 confirm faa63c 4631240 3564076 560.32 rocket
19_05_2024_21-46-53.129 Rls3 confirm edbd4b 4347400 3580020 964.37 rocket
19_05_2024_21-46-54.077 Zrdn1 i am alive    
19_05_2024_21-46-53.213 Rls3 confirm fbe299 4918128 2943172 53.60 plane
19_05_2024_21-46-55.078 Zrdn2 i am alive    
19_05_2024_21-46-56.079 Zrdn3 i am alive    
19_05_2024_21-46-57.203 Zrdn3 confirm faa63c 4633480 3564152 560.32 rocket
19_05_2024_21-46-57.216 Zrdn3 shot faa63c 4633480 3564152 560.32 rocket
19_05_2024_21-46-57.216 Zrdn3 ammo left 19   
19_05_2024_21-46-57.271 Zrdn3 confirm edbd4b 4349800 3583040 964.37 rocket
19_05_2024_21-46-57.284 Zrdn3 shot edbd4b 4349800 3583040 964.37 rocket
19_05_2024_21-46-57.284 Zrdn3 ammo left 18   
19_05_2024_21-46-58.312 Zrdn3 destroyed edbd4b 964.37   
19_05_2024_21-46-58.301 Zrdn3 destroyed faa63c 560.32   
19_05_2024_21-47-01.434 Rls3 confirm 20388f 3312416 2016038 208.86 plane
19_05_2024_21-49-15.402 Rls3 confirm 710098 4984152 3102062 82.07 plane
19_05_2024_21-49-50.168 Rls3 confirm 075e8c 3299272 2112110 146.70 plane
19_05_2024_21-49-59.211 Spro no signal
19_05_2024_21-50-05.896 Rls3 confirm 7d75a8 5442146 2831132 98.41 plane
19_05_2024_21-50-16.795 Zrdn2 confirm d08f9d 6094616 3738850 974.93 rocket
19_05_2024_21-50-16.810 Zrdn2 shot d08f9d 6094616 3738850 974.93 rocket
19_05_2024_21-50-16.810 Zrdn2 ammo left 19   
19_05_2024_21-50-17.874 Zrdn2 no kill d08f9d 6094924 3739775  
19_05_2024_21-50-19.015 Zrdn2 confirm d08f9d 6095232 3740700 974.93 rocket
19_05_2024_21-50-19.034 Zrdn2 shot d08f9d 6095232 3740700 974.93 rocket
19_05_2024_21-50-19.034 Zrdn2 ammo left 18   
19_05_2024_21-50-20.226 Zrdn2 destroyed d08f9d 974.93   
19_05_2024_21-50-22.770 Spro confirm 4f0a86 3319602 3249600 9539.21 ballistic
19_05_2024_21-50-22.786 Spro shot 4f0a86 3319602 3249600 9539.21 ballistic
19_05_2024_21-50-22.786 Spro ammo left 9   
19_05_2024_21-50-23.168 Rls3 confirm 4f0a86 3319602 3249600 9539.21 ballistic
19_05_2024_21-50-23.185 Rls3 toSpro 4f0a86 3319602 3249600  
19_05_2024_21-50-23.934 Spro destroyed 4f0a86 9539.21   
19_05_2024_21-50-27.120 Zrdn3 confirm ae5d0f 4536246 3334130 139.11 plane
19_05_2024_21-50-27.133 Zrdn3 shot ae5d0f 4536246 3334130 139.11 plane
19_05_2024_21-50-27.133 Zrdn3 ammo left 17   
19_05_2024_21-50-27.304 Rls3 confirm ae5d0f 4536246 3334130 139.11 plane
19_05_2024_21-50-28.190 Zrdn3 no kill ae5d0f 4536369 3334195  
19_05_2024_21-50-29.177 Spro i am alive    
19_05_2024_21-50-29.293 Zrdn3 confirm ae5d0f 4536492 3334260 139.11 plane
19_05_2024_21-50-29.307 Zrdn3 shot ae5d0f 4536492 3334260 139.11 plane
19_05_2024_21-50-29.307 Zrdn3 ammo left 16   
19_05_2024_21-50-30.340 Zrdn3 no kill ae5d0f 4536615 3334325  
19_05_2024_21-50-30.569 Rls3 confirm f2b0ea 6249824 954772 8016.28 ballistic
19_05_2024_21-50-31.384 Zrdn3 confirm ae5d0f 4536738 3334390 139.11 plane
19_05_2024_21-50-31.400 Zrdn3 shot ae5d0f 4536738 3334390 139.11 plane
19_05_2024_21-50-31.400 Zrdn3 ammo left 15   
19_05_2024_21-50-32.462 Zrdn3 no kill ae5d0f 4536861 3334455  
19_05_2024_21-50-33.543 Zrdn3 confirm ae5d0f 4536984 3334520 139.11 plane
19_05_2024_21-50-33.560 Zrdn3 shot ae5d0f 4536984 3334520 139.11 plane
19_05_2024_21-50-33.560 Zrdn3 ammo left 14   
19_05_2024_21-50-34.742 Zrdn3 destroyed ae5d0f 139.11   
19_05_2024_21-50-40.818 Rls3 confirm 564925 4500302 3116038 152.19 plane
19_05_2024_21-50-40.869 Zrdn3 confirm 564925 4500302 3116038 152.19 plane
19_05_2024_21-50-40.883 Zrdn3 shot 564925 4500302 3116038 152.19 plane
19_05_2024_21-50-40.883 Zrdn3 ammo left 13   
19_05_2024_21-50-42.111 Zrdn3 destroyed 564925 152.19   
19_05_2024_21-50-44.777 Zrdn1 confirm f5b007 5775208 4103847 9723.24 ballistic
19_05_2024_21-50-45.163 Rls3 confirm 3f4045 5892236 2297944 9304.78 ballistic
19_05_2024_21-56-58.046 Rls1 i am alive    
19_05_2024_21-56-59.045 Rls2 i am alive    
19_05_2024_21-57-00.046 Rls3 i am alive    
19_05_2024_21-57-01.049 Spro i am alive    
19_05_2024_21-57-00.137 Rls2 confirm 94ecae 1675478 5708891 9286.89 ballistic
19_05_2024_21-57-00.943 Rls3 confirm bc3698 2669292 4051144 81.39 plane
19_05_2024_21-57-00.985 Rls3 confirm 8c175a 4282980 1800316 8535.82 ballistic
19_05_2024_21-57-01.001 Rls3 toSpro 8c175a 4282980 1800316  
19_05_2024_21-57-01.044 Rls3 confirm 0588c7 4148680 2023024 954.95 rocket
19_05_2024_21-57-01.100 Rls3 confirm 70efe1 3823636 3279368 8278.90 ballistic
19_05_2024_21-57-01.116 Rls3 toSpro 70efe1 3823636 3279368  
19_05_2024_21-57-02.048 Zrdn1 i am alive    
19_05_2024_21-57-01.338 Rls3 confirm 01c82f 3403236 4249516 141.85 plane
19_05_2024_21-57-01.394 Rls3 confirm 912724 2764480 4474152 371.94 rocket
19_05_2024_21-57-01.433 Rls3 confirm e1803a 4627424 3108232 909.72 rocket
19_05_2024_21-57-01.514 Rls3 confirm e50666 3379920 2312936 766.58 rocket
19_05_2024_21-57-01.566 Rls3 confirm 181a77 5343644 2686972 994.46 rocket
19_05_2024_21-57-01.600 Spro confirm 70efe1 3830795 3275210 8278.90 ballistic
19_05_2024_21-57-01.612 Spro shot 70efe1 3830795 3275210 8278.90 ballistic
19_05_2024_21-57-01.612 Spro ammo left 9   
19_05_2024_21-57-01.650 Spro confirm bc3698 2669365 4051180 81.39 plane
19_05_2024_21-57-01.749 Spro confirm 01c82f 3403295 4249645 141.85 plane
19_05_2024_21-57-03.049 Zrdn2 i am alive    
19_05_2024_21-57-02.795 Spro destroyed 70efe1 8278.90   
19_05_2024_21-57-03.079 Zrdn1 confirm e77fde 5621780 4089234 135.72 plane
19_05_2024_21-57-03.092 Zrdn1 shot e77fde 5621780 4089234 135.72 plane
19_05_2024_21-57-03.092 Zrdn1 ammo left 19   
19_05_2024_21-57-04.051 Zrdn3 i am alive    
19_05_2024_21-57-04.242 Zrdn1 destroyed e77fde 135.72   
19_05_2024_21-57-05.245 Zrdn3 confirm e1803a 4630848 3109464 909.72 rocket
19_05_2024_21-57-05.259 Zrdn3 shot e1803a 4630848 3109464 909.72 rocket
19_05_2024_21-57-05.259 Zrdn3 ammo left 19   
19_05_2024_21-57-05.316 Zrdn3 confirm 05d6c5 4077960 4205672 259.00 rocket
19_05_2024_21-57-05.329 Zrdn3 shot 05d6c5 4077960 4205672 259.00 rocket
19_05_2024_21-57-05.329 Zrdn3 ammo left 18   
19_05_2024_21-57-06.375 Zrdn3 destroyed e1803a 909.72   
19_05_2024_21-57-06.385 Zrdn3 destroyed 05d6c5 259.00   
19_05_2024_21-58-12.363 Rls2 confirm 3be14e 1186472 4005068 9401.53 ballistic
19_05_2024_21-58-18.232 Rls3 confirm a32823 5877290 2197214 180.20 plane
19_05_2024_21-58-49.115 Zrdn3 confirm 8a39f3 4362136 4220122 91.35 plane
19_05_2024_21-58-49.131 Zrdn3 shot 8a39f3 4362136 4220122 91.35 plane
19_05_2024_21-58-49.131 Zrdn3 ammo left 17   
19_05_2024_21-58-50.212 Zrdn3 no kill 8a39f3 4362204 4220183  
19_05_2024_21-58-51.311 Zrdn3 confirm 8a39f3 4362272 4220244 91.35 plane
19_05_2024_21-58-51.326 Zrdn3 shot 8a39f3 4362272 4220244 91.35 plane
19_05_2024_21-58-51.326 Zrdn3 ammo left 16   
19_05_2024_21-58-52.506 Zrdn3 destroyed 8a39f3 91.35   
19_05_2024_21-58-57.020 Spro confirm a5f71c 3786484 3985356 9351.91 ballistic
19_05_2024_21-58-57.035 Spro shot a5f71c 3786484 3985356 9351.91 ballistic
19_05_2024_21-58-57.035 Spro ammo left 8   
19_05_2024_21-58-57.302 Rls3 confirm a5f71c 3786484 3985356 9351.91 ballistic
19_05_2024_21-58-57.320 Rls3 toSpro a5f71c 3786484 3985356  
19_05_2024_21-58-58.103 Spro no kill a5f71c 3795226 3982034  
19_05_2024_21-58-59.249 Spro confirm a5f71c 3803968 3978712 9351.91 ballistic
19_05_2024_21-58-59.266 Spro shot a5f71c 3803968 3978712 9351.91 ballistic
19_05_2024_21-58-59.266 Spro ammo left 7   
19_05_2024_21-59-00.531 Spro destroyed a5f71c 9351.91   
19_05_2024_22-58-24.994 Rls1 i am alive    
19_05_2024_22-58-25.993 Rls2 i am alive    
19_05_2024_22-58-26.994 Rls3 i am alive    
19_05_2024_22-58-27.996 Spro i am alive    
19_05_2024_22-58-27.107 Rls2 confirm f4a3e3 807557 3937804 9499.64 ballistic
19_05_2024_22-58-27.126 Rls2 toSpro f4a3e3 807557 3937804  
19_05_2024_22-58-28.001 Rls3 confirm ca4295 5157580 2054516 9195.41 ballistic
19_05_2024_22-58-28.020 Rls3 toSpro ca4295 5157580 2054516  
19_05_2024_22-58-28.996 Zrdn1 i am alive    
19_05_2024_22-58-28.268 Rls3 confirm c509a1 5532828 2744388 713.62 rocket
19_05_2024_22-58-28.316 Rls3 confirm b56184 4787328 2286344 345.86 rocket
19_05_2024_22-58-28.433 Rls3 confirm 408cee 2880228 4381124 64.88 plane
19_05_2024_22-58-29.998 Zrdn2 i am alive    
19_05_2024_22-58-30.220 Zrdn1 confirm 8169d4 5549548 4101300 8336.96 ballistic
19_05_2024_22-58-30.999 Zrdn3 i am alive    
19_05_2024_22-58-32.271 Zrdn3 confirm fc28b5 4532128 4318944 183.86 plane
19_05_2024_22-58-32.290 Zrdn3 shot fc28b5 4532128 4318944 183.86 plane
19_05_2024_22-58-32.290 Zrdn3 ammo left 19   
19_05_2024_22-58-33.384 Zrdn3 destroyed fc28b5 183.86   
19_05_2024_22-58-54.159 Rls3 confirm 644bdc 3407210 2414006 105.04 plane
19_05_2024_22-58-54.478 Spro confirm 644bdc 3407210 2414006 105.04 plane
19_05_2024_22-59-11.286 Rls3 confirm 8169d4 5403610 3810750 8336.96 ballistic
19_05_2024_22-59-30.286 Rls3 confirm 41caab 4278962 2587304 9270.67 ballistic
19_05_2024_22-59-30.316 Rls3 toSpro 41caab 4278962 2587304  
19_05_2024_22-59-35.859 Rls3 confirm c1ba4a 3924296 2507816 919.98 rocket
19_05_2024_22-59-45.045 Spro confirm bbb099 2366732 2960505 8551.48 ballistic
19_05_2024_22-59-45.062 Spro shot bbb099 2366732 2960505 8551.48 ballistic
19_05_2024_22-59-45.062 Spro ammo left 9   
19_05_2024_22-59-46.417 Spro destroyed bbb099 8551.48   
19_05_2024_23-00-00.653 Rls1 no signal
19_05_2024_23-00-01.138 Spro confirm 65385a 3700820 3224838 8616.76 ballistic
19_05_2024_23-00-01.153 Spro shot 65385a 3700820 3224838 8616.76 ballistic
19_05_2024_23-00-01.153 Spro ammo left 8   
19_05_2024_23-00-01.194 Rls3 confirm 65385a 3700820 3224838 8616.76 ballistic
19_05_2024_23-00-01.213 Rls3 toSpro 65385a 3700820 3224838  
19_05_2024_23-00-02.285 Spro no kill 65385a 3705730 3217757  
19_05_2024_23-00-03.406 Spro confirm 65385a 3710640 3210676 8616.76 ballistic
19_05_2024_23-00-03.420 Spro shot 65385a 3710640 3210676 8616.76 ballistic
19_05_2024_23-00-03.420 Spro ammo left 7   
19_05_2024_23-00-04.551 Spro no kill 65385a 3715550 3203595  
19_05_2024_23-00-05.142 Spro confirm 65385a 3720460 3196514 8616.76 ballistic
19_05_2024_23-00-05.161 Spro shot 65385a 3720460 3196514 8616.76 ballistic
19_05_2024_23-00-05.161 Spro ammo left 6   
19_05_2024_23-00-06.394 Spro destroyed 65385a 8616.76   
19_05_2024_23-00-08.555 Spro confirm 41caab 3990278 2754776 9270.67 ballistic
19_05_2024_23-00-08.576 Spro shot 41caab 3990278 2754776 9270.67 ballistic
19_05_2024_23-00-08.576 Spro ammo left 5   
19_05_2024_23-00-09.898 Spro destroyed 41caab 9270.67   
19_05_2024_23-00-12.502 Spro confirm ef4d38 3800162 2999134 9658.41 ballistic
19_05_2024_23-00-12.518 Spro shot ef4d38 3800162 2999134 9658.41 ballistic
19_05_2024_23-00-12.518 Spro ammo left 4   
19_05_2024_23-00-12.879 Rls3 confirm ef4d38 3800162 2999134 9658.41 ballistic
19_05_2024_23-00-12.898 Rls3 toSpro ef4d38 3800162 2999134  
19_05_2024_23-00-13.796 Spro destroyed ef4d38 9658.41   
19_05_2024_23-00-30.532 Rls1 i am alive    
19_05_2024_23-01-03.798 Rls2 no signal
19_05_2024_23-01-05.496 Spro confirm ca4295 4136185 2967737 9195.41 ballistic
19_05_2024_23-01-05.515 Spro shot ca4295 4136185 2967737 9195.41 ballistic
19_05_2024_23-01-05.515 Spro ammo left 3   
19_05_2024_23-01-06.774 Spro destroyed ca4295 9195.41   
19_05_2024_23-01-08.852 Rls3 confirm cc0df2 5378872 2605800 591.68 rocket
19_05_2024_23-01-33.488 Rls2 i am alive    
19_05_2024_23-02-11.144 Rls3 confirm 4de02b 4286586 1886564 406.66 rocket
19_05_2024_23-02-26.082 Rls3 confirm cfc733 4991126 2527036 65.52 plane
19_05_2024_23-02-35.181 Rls3 confirm a62aa8 2896366 2427184 204.82 plane
19_05_2024_23-02-47.377 Rls3 confirm e65838 3765944 1363800 9666.87 ballistic
19_05_2024_23-02-47.397 Rls3 toSpro e65838 3765944 1363800  
19_05_2024_23-02-54.504 Zrdn3 confirm 6114e8 4360016 4290974 8024.41 ballistic
19_05_2024_23-02-58.070 Rls3 confirm 6cdd86 4672038 2801678 8642.12 ballistic
19_05_2024_23-02-58.088 Rls3 toSpro 6cdd86 4672038 2801678  
19_05_2024_23-03-38.715 Rls3 confirm 00b834 4771878 3772814 8487.60 ballistic
19_05_2024_23-03-38.740 Rls3 toSpro 00b834 4771878 3772814  
19_05_2024_23-03-38.970 Zrdn3 confirm 00b834 4771878 3772814 8487.60 ballistic
19_05_2024_23-03-47.333 Spro confirm ebe933 3719124 3596080 73.78 plane
19_05_2024_23-03-47.670 Rls3 confirm ebe933 3719124 3596080 73.78 plane
19_05_2024_23-03-50.426 Rls3 confirm d46b44 4606126 3604200 822.78 rocket
19_05_2024_23-03-50.697 Zrdn3 confirm d46b44 4606126 3604200 822.78 rocket
19_05_2024_23-03-50.712 Zrdn3 shot d46b44 4606126 3604200 822.78 rocket
19_05_2024_23-03-50.712 Zrdn3 ammo left 18   
19_05_2024_23-03-51.960 Zrdn3 destroyed d46b44 822.78   
19_05_2024_23-03-52.552 Rls3 confirm 9388a5 3841418 2935928 508.89 rocket
19_05_2024_23-03-52.560 Spro confirm 9388a5 3841418 2935928 508.89 rocket
19_05_2024_23-04-05.822 Rls3 confirm bb2579 4593274 2184098 565.83 rocket
19_05_2024_23-04-10.811 Zrdn1 confirm 00b834 5025048 3800024 8487.60 ballistic
19_05_2024_23-04-34.104 Spro confirm 6cdd86 3900267 2650527 8642.12 ballistic
19_05_2024_23-04-34.118 Spro shot 6cdd86 3900267 2650527 8642.12 ballistic
19_05_2024_23-04-34.118 Spro ammo left 2   
19_05_2024_23-04-35.176 Spro destroyed 6cdd86 8642.12   
19_05_2024_23-05-08.064 Rls1 i am alive    
19_05_2024_23-05-09.064 Rls2 i am alive    
19_05_2024_23-05-10.065 Rls3 i am alive    
19_05_2024_23-05-11.066 Spro i am alive    
19_05_2024_23-05-10.995 Rls3 confirm f7b8b4 3609052 3578576 695.63 rocket
19_05_2024_23-05-11.123 Rls3 confirm 7eff8c 4065580 1974544 659.18 rocket
19_05_2024_23-05-12.067 Zrdn1 i am alive    
19_05_2024_23-05-11.345 Rls3 confirm 765cb8 2695416 3364448 152.83 plane
19_05_2024_23-05-11.393 Rls3 confirm cb21f8 4474040 1506748 8271.55 ballistic
19_05_2024_23-05-11.413 Rls3 toSpro cb21f8 4474040 1506748  
19_05_2024_23-05-11.455 Rls3 confirm d69408 5007300 3304596 166.81 plane
19_05_2024_23-05-11.554 Rls3 confirm 080abc 3782432 3979012 9303.74 ballistic
19_05_2024_23-05-11.573 Rls3 toSpro 080abc 3782432 3979012  
19_05_2024_23-05-11.649 Spro confirm 080abc 3789540 3985015 9303.74 ballistic
19_05_2024_23-05-11.664 Spro shot 080abc 3789540 3985015 9303.74 ballistic
19_05_2024_23-05-11.664 Spro ammo left 9   
19_05_2024_23-05-13.068 Zrdn2 i am alive    
19_05_2024_23-05-12.238 Spro confirm f7b8b4 3609315 3579220 695.63 rocket
19_05_2024_23-05-12.439 Spro confirm 765cb8 2695520 3364560 152.83 plane
19_05_2024_23-05-13.053 Spro destroyed 080abc 9303.74   
19_05_2024_23-05-14.070 Zrdn3 i am alive    
19_05_2024_23-05-14.241 Zrdn2 confirm 5f45ec 6379860 3471454 9409.91 ballistic
19_05_2024_23-05-23.633 Zrdn2 confirm 701823 6505872 3710300 8301.93 ballistic
19_05_2024_23-05-52.145 Spro confirm dd0877 3730120 2683270 147.73 plane
19_05_2024_23-05-52.347 Rls3 confirm dd0877 3730120 2683270 147.73 plane
19_05_2024_23-06-05.657 Spro confirm f3a76a 3074964 3074904 9607.52 ballistic
19_05_2024_23-06-05.677 Spro shot f3a76a 3074964 3074904 9607.52 ballistic
19_05_2024_23-06-05.677 Spro ammo left 8   
19_05_2024_23-06-05.812 Rls3 confirm f3a76a 3074964 3074904 9607.52 ballistic
19_05_2024_23-06-05.834 Rls3 toSpro f3a76a 3074964 3074904  
19_05_2024_23-06-07.033 Spro destroyed f3a76a 9607.52   
19_05_2024_23-06-09.997 Rls3 confirm 9636f5 3971288 3187218 653.15 rocket
19_05_2024_23-06-10.130 Spro confirm 9636f5 3971288 3187218 653.15 rocket
19_05_2024_23-06-24.112 Rls2 confirm 0ef04d 2419796 5465850 8261.90 ballistic
19_05_2024_23-06-30.520 Zrdn1 confirm 701823 5984106 3746525 8301.93 ballistic
19_05_2024_23-13-44.098 Rls1 i am alive    
19_05_2024_23-13-45.097 Rls2 i am alive    
19_05_2024_23-13-46.099 Rls3 i am alive    
19_05_2024_23-13-47.099 Spro i am alive    
19_05_2024_23-13-48.102 Zrdn1 i am alive    
19_05_2024_23-13-47.212 Rls3 confirm 3165f7 4606072 2595220 947.54 rocket
19_05_2024_23-13-47.504 Rls3 confirm 00db3b 3348228 2728272 88.72 plane
19_05_2024_23-13-49.102 Zrdn2 i am alive    
19_05_2024_23-13-48.375 Spro confirm 00db3b 3348285 2728340 88.72 plane
19_05_2024_23-13-50.104 Zrdn3 i am alive    
19_05_2024_23-13-50.187 Zrdn2 confirm b3bcdd 6225847 3915413 134.61 plane
19_05_2024_23-13-50.206 Zrdn2 shot b3bcdd 6225847 3915413 134.61 plane
19_05_2024_23-13-50.206 Zrdn2 ammo left 19   
19_05_2024_23-13-51.383 Zrdn3 confirm a1c2cc 4872360 4011048 839.60 rocket
19_05_2024_23-13-51.402 Zrdn3 shot a1c2cc 4872360 4011048 839.60 rocket
19_05_2024_23-13-51.402 Zrdn3 ammo left 19   
19_05_2024_23-13-51.594 Zrdn2 no kill b3bcdd 6225847 3915413  
19_05_2024_23-13-52.562 Zrdn3 destroyed a1c2cc 839.60   
19_05_2024_23-13-58.455 Zrdn2 confirm 8d4b2d 6506080 3667628 9578.63 ballistic
19_05_2024_23-14-25.456 Rls1 i am alive    
19_05_2024_23-14-26.457 Rls2 i am alive    
19_05_2024_23-14-25.956 Rls1 confirm 2cfccc 3755562 4935484 381.47 rocket
19_05_2024_23-14-26.053 Rls1 confirm bda1f4 2725356 6673568 279.89 rocket
19_05_2024_23-14-26.178 Rls1 confirm 63fbbf 2944774 5663886 888.82 rocket
19_05_2024_23-14-26.257 Rls1 confirm 419b82 3539318 6514750 202.25 plane
19_05_2024_23-14-26.367 Rls1 confirm e7bfba 2300916 5719758 9764.34 ballistic
19_05_2024_23-14-26.507 Rls1 confirm 0ccce6 4888686 6244096 567.40 rocket
19_05_2024_23-14-27.459 Rls3 i am alive    
19_05_2024_23-14-28.461 Spro i am alive    
19_05_2024_23-14-29.461 Zrdn1 i am alive    
19_05_2024_23-14-29.655 Spro confirm 2cfccc 3756405 4934710 381.47 rocket
19_05_2024_23-14-30.463 Zrdn2 i am alive    
19_05_2024_23-14-29.733 Spro confirm 89bb5d 3856590 3287100 831.81 rocket
19_05_2024_23-14-30.642 Zrdn1 confirm 43bcb9 4611624 5176964 104.17 plane
19_05_2024_23-14-30.659 Zrdn1 shot 43bcb9 4611624 5176964 104.17 plane
19_05_2024_23-14-30.659 Zrdn1 ammo left 19   
19_05_2024_23-14-31.464 Zrdn3 i am alive    
19_05_2024_23-14-31.674 Zrdn2 confirm 63fbbf 2949209 5663601 888.82 rocket
19_05_2024_23-14-31.690 Zrdn2 shot 63fbbf 2949209 5663601 888.82 rocket
19_05_2024_23-14-31.690 Zrdn2 ammo left 19   
19_05_2024_23-14-31.909 Zrdn1 destroyed 43bcb9 104.17   
19_05_2024_23-14-33.027 Zrdn2 destroyed 63fbbf 888.82   
19_05_2024_23-14-38.882 Zrdn2 confirm e7bfba 2402412 5778306 9764.34 ballistic
19_05_2024_23-15-01.084 Spro confirm 70b5ac 4427242 4045478 748.84 rocket
19_05_2024_23-15-06.074 Spro confirm d15522 3745158 2448790 700.90 rocket
19_05_2024_23-15-30.577 Spro confirm a6a034 3058872 4009060 437.03 rocket
19_05_2024_23-15-36.877 Zrdn1 confirm ffdf96 5561150 5429700 9020.58 ballistic
19_05_2024_23-15-43.282 Rls1 confirm d9309c 3317398 6306912 203.80 plane
19_05_2024_23-16-11.909 Zrdn1 confirm 830bd7 4633150 5186982 75.53 plane
19_05_2024_23-16-11.924 Zrdn1 shot 830bd7 4633150 5186982 75.53 plane
19_05_2024_23-16-11.924 Zrdn1 ammo left 18   
19_05_2024_23-16-13.249 Zrdn1 destroyed 830bd7 75.53   
19_05_2024_23-16-21.455 Rls1 confirm 2911ba 3383178 6511618 210.71 plane
19_05_2024_23-16-52.408 Rls1 i am alive    
19_05_2024_23-16-53.407 Rls2 i am alive    
19_05_2024_23-16-53.118 Rls1 confirm 6d8ac3 3130216 7157754 163.68 plane
19_05_2024_23-16-53.169 Rls1 confirm 0ae148 4213866 8359096 9443.82 ballistic
19_05_2024_23-16-53.237 Rls1 confirm d34bae 3356168 7004954 87.09 plane
19_05_2024_23-16-53.288 Rls1 confirm b92168 3347674 5406796 843.19 rocket
19_05_2024_23-16-53.338 Rls1 confirm e20ca0 3985944 6944322 8534.73 ballistic
19_05_2024_23-16-53.358 Rls1 toSpro e20ca0 3985944 6944322  
19_05_2024_23-16-54.408 Rls3 i am alive    
19_05_2024_23-16-53.622 Rls1 confirm 8c9ac8 1305120 5985410 9635.64 ballistic
19_05_2024_23-16-55.410 Spro i am alive    
19_05_2024_23-16-56.411 Zrdn1 i am alive    
19_05_2024_23-16-56.597 Spro confirm 930a78 4320935 3029425 9388.15 ballistic
19_05_2024_23-16-56.616 Spro shot 930a78 4320935 3029425 9388.15 ballistic
19_05_2024_23-16-56.616 Spro ammo left 9   
19_05_2024_23-16-57.412 Zrdn2 i am alive    
19_05_2024_23-16-56.693 Spro confirm c4f212 3734330 3697130 70.93 plane
19_05_2024_23-16-56.852 Spro confirm 14f1f6 3056510 3718825 640.64 rocket
19_05_2024_23-16-57.583 Zrdn1 confirm b38643 5316456 5195340 133.70 plane
19_05_2024_23-16-57.602 Zrdn1 shot b38643 5316456 5195340 133.70 plane
19_05_2024_23-16-57.602 Zrdn1 ammo left 19   
19_05_2024_23-16-58.413 Zrdn3 i am alive    
19_05_2024_23-16-57.846 Spro no kill 930a78 4329922 3026710  
19_05_2024_23-16-58.447 Spro confirm 930a78 4338909 3023995 9388.15 ballistic
19_05_2024_23-16-58.465 Spro shot 930a78 4338909 3023995 9388.15 ballistic
19_05_2024_23-16-58.465 Spro ammo left 8   
19_05_2024_23-16-58.896 Zrdn1 destroyed b38643 133.70   
19_05_2024_23-16-59.873 Spro no kill 930a78 4338909 3023995  
